<?xml version="1.0" ?>
<coverage version="7.10.6" timestamp="1756753150398" lines-valid="525" lines-covered="350" line-rate="0.6667" branches-covered="0" branches-valid="0" branch-rate="0" complexity="0">
	<!-- Generated by coverage.py: https://coverage.readthedocs.io/en/7.10.6 -->
	<!-- Based on https://raw.githubusercontent.com/cobertura/web/master/htdocs/xml/coverage-04.dtd -->
	<sources>
		<source>/home/atorres/dev/polaris/polaris-v2-api/polaris_api</source>
	</sources>
	<packages>
		<package name="." line-rate="0.6667" branch-rate="0" complexity="0">
			<classes>
				<class name="__init__.py" filename="__init__.py" complexity="0" line-rate="1" branch-rate="0">
					<methods/>
					<lines/>
				</class>
				<class name="auth.py" filename="auth.py" complexity="0" line-rate="0.9512" branch-rate="0">
					<methods/>
					<lines>
						<line number="1" hits="1"/>
						<line number="2" hits="1"/>
						<line number="3" hits="1"/>
						<line number="5" hits="1"/>
						<line number="6" hits="1"/>
						<line number="7" hits="1"/>
						<line number="8" hits="1"/>
						<line number="11" hits="1"/>
						<line number="12" hits="1"/>
						<line number="13" hits="1"/>
						<line number="15" hits="1"/>
						<line number="18" hits="1"/>
						<line number="19" hits="1"/>
						<line number="20" hits="1"/>
						<line number="21" hits="1"/>
						<line number="22" hits="1"/>
						<line number="24" hits="1"/>
						<line number="26" hits="1"/>
						<line number="32" hits="1"/>
						<line number="34" hits="1"/>
						<line number="36" hits="1"/>
						<line number="37" hits="1"/>
						<line number="38" hits="1"/>
						<line number="39" hits="1"/>
						<line number="40" hits="1"/>
						<line number="41" hits="1"/>
						<line number="42" hits="1"/>
						<line number="43" hits="1"/>
						<line number="44" hits="1"/>
						<line number="46" hits="1"/>
						<line number="50" hits="0"/>
						<line number="51" hits="0"/>
						<line number="55" hits="1"/>
						<line number="59" hits="1"/>
						<line number="61" hits="1"/>
						<line number="67" hits="1"/>
						<line number="69" hits="1"/>
						<line number="70" hits="1"/>
						<line number="72" hits="1"/>
						<line number="73" hits="1"/>
						<line number="77" hits="1"/>
					</lines>
				</class>
				<class name="generate-env.py" filename="generate-env.py" complexity="0" line-rate="0" branch-rate="0">
					<methods/>
					<lines>
						<line number="6" hits="0"/>
						<line number="7" hits="0"/>
						<line number="10" hits="0"/>
						<line number="12" hits="0"/>
						<line number="13" hits="0"/>
						<line number="16" hits="0"/>
						<line number="20" hits="0"/>
						<line number="21" hits="0"/>
						<line number="22" hits="0"/>
						<line number="23" hits="0"/>
						<line number="26" hits="0"/>
						<line number="27" hits="0"/>
						<line number="29" hits="0"/>
						<line number="31" hits="0"/>
						<line number="74" hits="0"/>
						<line number="75" hits="0"/>
						<line number="77" hits="0"/>
						<line number="78" hits="0"/>
						<line number="79" hits="0"/>
						<line number="80" hits="0"/>
						<line number="81" hits="0"/>
						<line number="82" hits="0"/>
						<line number="83" hits="0"/>
						<line number="86" hits="0"/>
						<line number="87" hits="0"/>
						<line number="90" hits="0"/>
						<line number="92" hits="0"/>
						<line number="93" hits="0"/>
						<line number="94" hits="0"/>
						<line number="96" hits="0"/>
						<line number="97" hits="0"/>
					</lines>
				</class>
				<class name="llm_groq.py" filename="llm_groq.py" complexity="0" line-rate="0.4091" branch-rate="0">
					<methods/>
					<lines>
						<line number="1" hits="1"/>
						<line number="2" hits="1"/>
						<line number="5" hits="1"/>
						<line number="6" hits="1"/>
						<line number="7" hits="1"/>
						<line number="8" hits="1"/>
						<line number="10" hits="1"/>
						<line number="11" hits="0"/>
						<line number="12" hits="0"/>
						<line number="14" hits="1"/>
						<line number="15" hits="0"/>
						<line number="17" hits="1"/>
						<line number="18" hits="0"/>
						<line number="20" hits="0"/>
						<line number="31" hits="0"/>
						<line number="32" hits="0"/>
						<line number="33" hits="0"/>
						<line number="34" hits="0"/>
						<line number="35" hits="0"/>
						<line number="36" hits="0"/>
						<line number="37" hits="0"/>
						<line number="38" hits="0"/>
					</lines>
				</class>
				<class name="llm_loader.py" filename="llm_loader.py" complexity="0" line-rate="0.8333" branch-rate="0">
					<methods/>
					<lines>
						<line number="1" hits="1"/>
						<line number="3" hits="1"/>
						<line number="4" hits="1"/>
						<line number="5" hits="1"/>
						<line number="7" hits="1"/>
						<line number="10" hits="1"/>
						<line number="11" hits="1"/>
						<line number="13" hits="1"/>
						<line number="14" hits="0"/>
						<line number="15" hits="0"/>
						<line number="17" hits="1"/>
						<line number="18" hits="1"/>
					</lines>
				</class>
				<class name="llm_local.py" filename="llm_local.py" complexity="0" line-rate="0.4762" branch-rate="0">
					<methods/>
					<lines>
						<line number="1" hits="1"/>
						<line number="2" hits="1"/>
						<line number="4" hits="1"/>
						<line number="5" hits="1"/>
						<line number="6" hits="1"/>
						<line number="7" hits="1"/>
						<line number="9" hits="1"/>
						<line number="12" hits="1"/>
						<line number="13" hits="1"/>
						<line number="14" hits="1"/>
						<line number="15" hits="1"/>
						<line number="16" hits="1"/>
						<line number="17" hits="1"/>
						<line number="18" hits="1"/>
						<line number="19" hits="1"/>
						<line number="22" hits="1"/>
						<line number="23" hits="1"/>
						<line number="24" hits="0"/>
						<line number="25" hits="0"/>
						<line number="27" hits="1"/>
						<line number="28" hits="0"/>
						<line number="29" hits="0"/>
						<line number="30" hits="0"/>
						<line number="40" hits="0"/>
						<line number="42" hits="1"/>
						<line number="43" hits="0"/>
						<line number="44" hits="0"/>
						<line number="45" hits="0"/>
						<line number="46" hits="0"/>
						<line number="47" hits="0"/>
						<line number="49" hits="1"/>
						<line number="50" hits="0"/>
						<line number="51" hits="0"/>
						<line number="53" hits="0"/>
						<line number="55" hits="0"/>
						<line number="56" hits="0"/>
						<line number="67" hits="0"/>
						<line number="68" hits="0"/>
						<line number="70" hits="0"/>
						<line number="71" hits="0"/>
						<line number="73" hits="0"/>
						<line number="74" hits="0"/>
					</lines>
				</class>
				<class name="polaris_logger.py" filename="polaris_logger.py" complexity="0" line-rate="0.9259" branch-rate="0">
					<methods/>
					<lines>
						<line number="1" hits="1"/>
						<line number="2" hits="1"/>
						<line number="3" hits="1"/>
						<line number="4" hits="1"/>
						<line number="6" hits="1"/>
						<line number="8" hits="1"/>
						<line number="12" hits="1"/>
						<line number="13" hits="1"/>
						<line number="14" hits="1"/>
						<line number="15" hits="1"/>
						<line number="18" hits="1"/>
						<line number="19" hits="1"/>
						<line number="22" hits="1"/>
						<line number="23" hits="1"/>
						<line number="26" hits="1"/>
						<line number="30" hits="1"/>
						<line number="31" hits="1"/>
						<line number="33" hits="1"/>
						<line number="34" hits="1"/>
						<line number="36" hits="1"/>
						<line number="44" hits="1"/>
						<line number="53" hits="1"/>
						<line number="61" hits="1"/>
						<line number="67" hits="1"/>
						<line number="74" hits="1"/>
						<line number="75" hits="1"/>
						<line number="77" hits="1"/>
						<line number="78" hits="1"/>
						<line number="80" hits="1"/>
						<line number="81" hits="1"/>
						<line number="82" hits="1"/>
						<line number="83" hits="1"/>
						<line number="85" hits="1"/>
						<line number="89" hits="1"/>
						<line number="92" hits="1"/>
						<line number="96" hits="1"/>
						<line number="99" hits="1"/>
						<line number="103" hits="1"/>
						<line number="106" hits="1"/>
						<line number="110" hits="1"/>
						<line number="113" hits="1"/>
						<line number="117" hits="1"/>
						<line number="120" hits="1"/>
						<line number="128" hits="1"/>
						<line number="135" hits="1"/>
						<line number="137" hits="1"/>
						<line number="141" hits="1"/>
						<line number="143" hits="0"/>
						<line number="146" hits="1"/>
						<line number="148" hits="0"/>
						<line number="151" hits="1"/>
						<line number="153" hits="0"/>
						<line number="156" hits="1"/>
						<line number="158" hits="0"/>
					</lines>
				</class>
				<class name="polaris_main.py" filename="polaris_main.py" complexity="0" line-rate="0.6873" branch-rate="0">
					<methods/>
					<lines>
						<line number="1" hits="1"/>
						<line number="2" hits="1"/>
						<line number="3" hits="1"/>
						<line number="4" hits="1"/>
						<line number="5" hits="1"/>
						<line number="6" hits="1"/>
						<line number="8" hits="1"/>
						<line number="9" hits="1"/>
						<line number="10" hits="1"/>
						<line number="11" hits="1"/>
						<line number="12" hits="1"/>
						<line number="13" hits="1"/>
						<line number="14" hits="1"/>
						<line number="15" hits="1"/>
						<line number="16" hits="1"/>
						<line number="17" hits="1"/>
						<line number="18" hits="1"/>
						<line number="19" hits="1"/>
						<line number="21" hits="1"/>
						<line number="23" hits="1"/>
						<line number="24" hits="1"/>
						<line number="26" hits="1"/>
						<line number="27" hits="1"/>
						<line number="28" hits="1"/>
						<line number="29" hits="1"/>
						<line number="30" hits="1"/>
						<line number="40" hits="1"/>
						<line number="43" hits="1"/>
						<line number="46" hits="1"/>
						<line number="48" hits="1"/>
						<line number="55" hits="1"/>
						<line number="62" hits="1"/>
						<line number="69" hits="1"/>
						<line number="70" hits="1"/>
						<line number="76" hits="1"/>
						<line number="78" hits="1"/>
						<line number="79" hits="1"/>
						<line number="81" hits="1"/>
						<line number="83" hits="1"/>
						<line number="84" hits="1"/>
						<line number="85" hits="1"/>
						<line number="86" hits="1"/>
						<line number="88" hits="1"/>
						<line number="89" hits="1"/>
						<line number="91" hits="1"/>
						<line number="92" hits="1"/>
						<line number="93" hits="1"/>
						<line number="94" hits="1"/>
						<line number="96" hits="1"/>
						<line number="97" hits="1"/>
						<line number="98" hits="1"/>
						<line number="100" hits="1"/>
						<line number="102" hits="1"/>
						<line number="104" hits="1"/>
						<line number="105" hits="1"/>
						<line number="108" hits="1"/>
						<line number="109" hits="0"/>
						<line number="110" hits="0"/>
						<line number="111" hits="0"/>
						<line number="112" hits="0"/>
						<line number="113" hits="0"/>
						<line number="114" hits="0"/>
						<line number="115" hits="0"/>
						<line number="116" hits="0"/>
						<line number="118" hits="1"/>
						<line number="120" hits="1"/>
						<line number="122" hits="1"/>
						<line number="124" hits="1"/>
						<line number="125" hits="1"/>
						<line number="128" hits="1"/>
						<line number="130" hits="1"/>
						<line number="131" hits="0"/>
						<line number="132" hits="1"/>
						<line number="135" hits="1"/>
						<line number="137" hits="1"/>
						<line number="140" hits="1"/>
						<line number="141" hits="1"/>
						<line number="142" hits="0"/>
						<line number="144" hits="0"/>
						<line number="145" hits="0"/>
						<line number="146" hits="0"/>
						<line number="156" hits="0"/>
						<line number="157" hits="0"/>
						<line number="158" hits="0"/>
						<line number="159" hits="0"/>
						<line number="162" hits="1"/>
						<line number="165" hits="1"/>
						<line number="166" hits="1"/>
						<line number="167" hits="1"/>
						<line number="170" hits="1"/>
						<line number="171" hits="1"/>
						<line number="172" hits="1"/>
						<line number="173" hits="0"/>
						<line number="174" hits="0"/>
						<line number="179" hits="0"/>
						<line number="180" hits="0"/>
						<line number="183" hits="0"/>
						<line number="184" hits="0"/>
						<line number="185" hits="0"/>
						<line number="186" hits="0"/>
						<line number="189" hits="1"/>
						<line number="190" hits="1"/>
						<line number="191" hits="1"/>
						<line number="195" hits="1"/>
						<line number="197" hits="1"/>
						<line number="198" hits="0"/>
						<line number="200" hits="1"/>
						<line number="211" hits="1"/>
						<line number="214" hits="1"/>
						<line number="217" hits="1"/>
						<line number="218" hits="1"/>
						<line number="219" hits="1"/>
						<line number="220" hits="0"/>
						<line number="224" hits="1"/>
						<line number="233" hits="1"/>
						<line number="235" hits="1"/>
						<line number="239" hits="0"/>
						<line number="240" hits="0"/>
						<line number="243" hits="1"/>
						<line number="244" hits="0"/>
						<line number="245" hits="0"/>
						<line number="246" hits="0"/>
						<line number="247" hits="0"/>
						<line number="250" hits="0"/>
						<line number="251" hits="0"/>
						<line number="254" hits="0"/>
						<line number="256" hits="0"/>
						<line number="261" hits="0"/>
						<line number="262" hits="0"/>
						<line number="263" hits="0"/>
						<line number="267" hits="0"/>
						<line number="268" hits="0"/>
						<line number="271" hits="1"/>
						<line number="273" hits="1"/>
						<line number="274" hits="1"/>
						<line number="275" hits="1"/>
						<line number="276" hits="1"/>
						<line number="277" hits="1"/>
						<line number="278" hits="1"/>
						<line number="279" hits="0"/>
						<line number="280" hits="0"/>
						<line number="281" hits="0"/>
						<line number="284" hits="1"/>
						<line number="286" hits="1"/>
						<line number="287" hits="1"/>
						<line number="288" hits="1"/>
						<line number="289" hits="1"/>
						<line number="290" hits="1"/>
						<line number="293" hits="1"/>
						<line number="296" hits="1"/>
						<line number="297" hits="0"/>
						<line number="298" hits="0"/>
						<line number="301" hits="0"/>
						<line number="302" hits="0"/>
						<line number="305" hits="1"/>
						<line number="308" hits="1"/>
						<line number="309" hits="0"/>
						<line number="311" hits="1"/>
						<line number="312" hits="1"/>
						<line number="314" hits="1"/>
						<line number="315" hits="1"/>
						<line number="317" hits="0"/>
						<line number="318" hits="0"/>
						<line number="320" hits="0"/>
						<line number="323" hits="1"/>
						<line number="326" hits="0"/>
						<line number="327" hits="0"/>
						<line number="329" hits="0"/>
						<line number="330" hits="0"/>
						<line number="333" hits="0"/>
						<line number="334" hits="0"/>
						<line number="336" hits="0"/>
						<line number="337" hits="0"/>
						<line number="342" hits="0"/>
						<line number="343" hits="0"/>
						<line number="344" hits="0"/>
						<line number="345" hits="0"/>
						<line number="346" hits="0"/>
						<line number="347" hits="0"/>
						<line number="349" hits="0"/>
						<line number="352" hits="0"/>
						<line number="360" hits="0"/>
						<line number="363" hits="0"/>
						<line number="366" hits="0"/>
						<line number="367" hits="0"/>
						<line number="369" hits="0"/>
						<line number="371" hits="0"/>
						<line number="372" hits="0"/>
						<line number="375" hits="1"/>
						<line number="376" hits="1"/>
						<line number="381" hits="1"/>
						<line number="382" hits="1"/>
						<line number="384" hits="1"/>
						<line number="386" hits="1"/>
						<line number="389" hits="1"/>
						<line number="391" hits="1"/>
						<line number="392" hits="0"/>
						<line number="394" hits="1"/>
						<line number="395" hits="1"/>
						<line number="398" hits="1"/>
						<line number="399" hits="1"/>
						<line number="400" hits="1"/>
						<line number="403" hits="1"/>
						<line number="405" hits="0"/>
						<line number="406" hits="0"/>
						<line number="407" hits="0"/>
						<line number="408" hits="0"/>
						<line number="409" hits="0"/>
						<line number="411" hits="1"/>
						<line number="412" hits="1"/>
						<line number="414" hits="1"/>
						<line number="415" hits="1"/>
						<line number="416" hits="0"/>
						<line number="417" hits="1"/>
						<line number="418" hits="1"/>
						<line number="420" hits="1"/>
						<line number="422" hits="1"/>
						<line number="424" hits="1"/>
						<line number="436" hits="1"/>
						<line number="437" hits="1"/>
						<line number="438" hits="1"/>
						<line number="440" hits="1"/>
						<line number="442" hits="0"/>
						<line number="443" hits="0"/>
						<line number="447" hits="0"/>
						<line number="453" hits="0"/>
						<line number="457" hits="1"/>
						<line number="459" hits="1"/>
						<line number="460" hits="1"/>
						<line number="461" hits="1"/>
						<line number="464" hits="1"/>
						<line number="465" hits="0"/>
						<line number="466" hits="0"/>
						<line number="471" hits="1"/>
						<line number="473" hits="1"/>
						<line number="474" hits="1"/>
						<line number="476" hits="1"/>
						<line number="477" hits="1"/>
						<line number="478" hits="1"/>
						<line number="480" hits="1"/>
						<line number="481" hits="0"/>
						<line number="482" hits="0"/>
						<line number="487" hits="0"/>
						<line number="488" hits="0"/>
						<line number="489" hits="0"/>
						<line number="491" hits="1"/>
						<line number="493" hits="1"/>
						<line number="496" hits="1"/>
						<line number="497" hits="1"/>
						<line number="498" hits="1"/>
						<line number="501" hits="1"/>
						<line number="502" hits="1"/>
						<line number="504" hits="1"/>
						<line number="506" hits="1"/>
						<line number="507" hits="1"/>
						<line number="508" hits="1"/>
						<line number="509" hits="1"/>
						<line number="510" hits="1"/>
						<line number="511" hits="1"/>
						<line number="512" hits="1"/>
						<line number="514" hits="1"/>
						<line number="517" hits="1"/>
						<line number="518" hits="1"/>
						<line number="519" hits="1"/>
						<line number="520" hits="1"/>
						<line number="521" hits="0"/>
						<line number="522" hits="1"/>
						<line number="523" hits="1"/>
						<line number="524" hits="1"/>
						<line number="527" hits="1"/>
						<line number="528" hits="1"/>
						<line number="529" hits="1"/>
						<line number="531" hits="1"/>
						<line number="538" hits="1"/>
						<line number="540" hits="0"/>
						<line number="541" hits="0"/>
						<line number="542" hits="0"/>
						<line number="550" hits="1"/>
						<line number="551" hits="1"/>
						<line number="554" hits="1"/>
						<line number="555" hits="1"/>
						<line number="556" hits="1"/>
						<line number="557" hits="1"/>
						<line number="558" hits="1"/>
						<line number="560" hits="1"/>
						<line number="562" hits="1"/>
						<line number="563" hits="1"/>
						<line number="565" hits="1"/>
						<line number="567" hits="1"/>
						<line number="568" hits="1"/>
						<line number="569" hits="1"/>
						<line number="573" hits="1"/>
						<line number="577" hits="1"/>
						<line number="578" hits="1"/>
						<line number="580" hits="1"/>
						<line number="582" hits="1"/>
						<line number="583" hits="1"/>
						<line number="584" hits="1"/>
						<line number="588" hits="1"/>
						<line number="589" hits="1"/>
						<line number="592" hits="1"/>
						<line number="598" hits="1"/>
						<line number="599" hits="1"/>
						<line number="600" hits="1"/>
						<line number="602" hits="1"/>
						<line number="603" hits="1"/>
						<line number="604" hits="1"/>
						<line number="606" hits="1"/>
						<line number="608" hits="1"/>
						<line number="609" hits="1"/>
						<line number="611" hits="1"/>
						<line number="618" hits="1"/>
						<line number="619" hits="1"/>
						<line number="621" hits="1"/>
						<line number="622" hits="1"/>
						<line number="624" hits="0"/>
						<line number="633" hits="1"/>
						<line number="634" hits="1"/>
						<line number="636" hits="1"/>
						<line number="639" hits="0"/>
						<line number="641" hits="1"/>
						<line number="649" hits="1"/>
						<line number="650" hits="0"/>
					</lines>
				</class>
			</classes>
		</package>
	</packages>
</coverage>
